{
  level: '\x1B[31merror\x1B[39m',
  message: "Cannot read properties of undefined (reading 'then') Cannot read properties of undefined (reading 'then')",
  stack: "TypeError: Cannot read properties of undefined (reading 'then')\n" +
    '    at Object.module.exports.connectDB (/Users/pankaj/programming/assignments/media_scrapper/startup/database.js:11:5)\n' +
    '    at Object.<anonymous> (/Users/pankaj/programming/assignments/media_scrapper/index.js:7:31)\n' +
    '    at Module._compile (node:internal/modules/cjs/loader:1103:14)\n' +
    '    at Object.Module._extensions..js (node:internal/modules/cjs/loader:1155:10)\n' +
    '    at Module.load (node:internal/modules/cjs/loader:981:32)\n' +
    '    at Function.Module._load (node:internal/modules/cjs/loader:822:12)\n' +
    '    at Function.executeUserEntryPoint [as runMain] (node:internal/modules/run_main:77:12)\n' +
    '    at node:internal/main/run_main_module:17:47',
  timestamp: '2022-05-05T12:41:35.219Z'
}
{
  code: 'ER_NOT_SUPPORTED_AUTH_MODE',
  errno: 1251,
  sqlMessage: 'Client does not support authentication protocol requested by server; consider upgrading MySQL client',
  sqlState: '08004',
  fatal: true,
  level: '\x1B[31merror\x1B[39m',
  message: 'ER_NOT_SUPPORTED_AUTH_MODE: Client does not support authentication protocol requested by server; consider upgrading MySQL client ER_NOT_SUPPORTED_AUTH_MODE: Client does not support authentication protocol requested by server; consider upgrading MySQL client',
  stack: 'Error: ER_NOT_SUPPORTED_AUTH_MODE: Client does not support authentication protocol requested by server; consider upgrading MySQL client\n' +
    '    at Handshake.Sequence._packetToError (/Users/pankaj/programming/assignments/media_scrapper/node_modules/mysql/lib/protocol/sequences/Sequence.js:47:14)\n' +
    '    at Handshake.ErrorPacket (/Users/pankaj/programming/assignments/media_scrapper/node_modules/mysql/lib/protocol/sequences/Handshake.js:123:18)\n' +
    '    at Protocol._parsePacket (/Users/pankaj/programming/assignments/media_scrapper/node_modules/mysql/lib/protocol/Protocol.js:291:23)\n' +
    '    at Parser._parsePacket (/Users/pankaj/programming/assignments/media_scrapper/node_modules/mysql/lib/protocol/Parser.js:433:10)\n' +
    '    at Parser.write (/Users/pankaj/programming/assignments/media_scrapper/node_modules/mysql/lib/protocol/Parser.js:43:10)\n' +
    '    at Protocol.write (/Users/pankaj/programming/assignments/media_scrapper/node_modules/mysql/lib/protocol/Protocol.js:38:16)\n' +
    '    at Socket.<anonymous> (/Users/pankaj/programming/assignments/media_scrapper/node_modules/mysql/lib/Connection.js:88:28)\n' +
    '    at Socket.<anonymous> (/Users/pankaj/programming/assignments/media_scrapper/node_modules/mysql/lib/Connection.js:526:10)\n' +
    '    at Socket.emit (node:events:520:28)\n' +
    '    at addChunk (node:internal/streams/readable:315:12)\n' +
    '    --------------------\n' +
    '    at Protocol._enqueue (/Users/pankaj/programming/assignments/media_scrapper/node_modules/mysql/lib/protocol/Protocol.js:144:48)\n' +
    '    at Protocol.handshake (/Users/pankaj/programming/assignments/media_scrapper/node_modules/mysql/lib/protocol/Protocol.js:51:23)\n' +
    '    at Connection.connect (/Users/pankaj/programming/assignments/media_scrapper/node_modules/mysql/lib/Connection.js:116:18)\n' +
    '    at Object.module.exports.connectDB (/Users/pankaj/programming/assignments/media_scrapper/startup/database.js:10:6)\n' +
    '    at Object.<anonymous> (/Users/pankaj/programming/assignments/media_scrapper/index.js:7:31)\n' +
    '    at Module._compile (node:internal/modules/cjs/loader:1103:14)\n' +
    '    at Object.Module._extensions..js (node:internal/modules/cjs/loader:1155:10)\n' +
    '    at Module.load (node:internal/modules/cjs/loader:981:32)\n' +
    '    at Function.Module._load (node:internal/modules/cjs/loader:822:12)\n' +
    '    at Function.executeUserEntryPoint [as runMain] (node:internal/modules/run_main:77:12)',
  timestamp: '2022-05-05T12:41:35.252Z'
}
{
  level: '\x1B[31merror\x1B[39m',
  message: "Cannot read properties of undefined (reading 'then') Cannot read properties of undefined (reading 'then')",
  stack: "TypeError: Cannot read properties of undefined (reading 'then')\n" +
    '    at Object.module.exports.connectDB (/Users/pankaj/programming/assignments/media_scrapper/startup/database.js:11:5)\n' +
    '    at Object.<anonymous> (/Users/pankaj/programming/assignments/media_scrapper/index.js:7:31)\n' +
    '    at Module._compile (node:internal/modules/cjs/loader:1103:14)\n' +
    '    at Object.Module._extensions..js (node:internal/modules/cjs/loader:1155:10)\n' +
    '    at Module.load (node:internal/modules/cjs/loader:981:32)\n' +
    '    at Function.Module._load (node:internal/modules/cjs/loader:822:12)\n' +
    '    at Function.executeUserEntryPoint [as runMain] (node:internal/modules/run_main:77:12)\n' +
    '    at node:internal/main/run_main_module:17:47',
  timestamp: '2022-05-05T12:47:33.688Z'
}
{
  level: '\x1B[31merror\x1B[39m',
  message: "Cannot read properties of undefined (reading 'then') Cannot read properties of undefined (reading 'then')",
  stack: "TypeError: Cannot read properties of undefined (reading 'then')\n" +
    '    at Object.module.exports.connectDB (/Users/pankaj/programming/assignments/media_scrapper/startup/database.js:11:5)\n' +
    '    at Object.<anonymous> (/Users/pankaj/programming/assignments/media_scrapper/index.js:7:31)\n' +
    '    at Module._compile (node:internal/modules/cjs/loader:1103:14)\n' +
    '    at Object.Module._extensions..js (node:internal/modules/cjs/loader:1155:10)\n' +
    '    at Module.load (node:internal/modules/cjs/loader:981:32)\n' +
    '    at Function.Module._load (node:internal/modules/cjs/loader:822:12)\n' +
    '    at Function.executeUserEntryPoint [as runMain] (node:internal/modules/run_main:77:12)\n' +
    '    at node:internal/main/run_main_module:17:47',
  timestamp: '2022-05-05T12:47:39.798Z'
}
{
  message: 'error connecting to [object Object]...null',
  level: '\x1B[31merror\x1B[39m',
  timestamp: '2022-05-05T12:48:25.749Z'
}
{
  level: '\x1B[31merror\x1B[39m',
  message: 'require(...).connectDB is not a function require(...).connectDB is not a function',
  stack: 'TypeError: require(...).connectDB is not a function\n' +
    '    at Object.<anonymous> (/Users/pankaj/programming/assignments/media_scrapper/index.js:7:31)\n' +
    '    at Module._compile (node:internal/modules/cjs/loader:1103:14)\n' +
    '    at Object.Module._extensions..js (node:internal/modules/cjs/loader:1155:10)\n' +
    '    at Module.load (node:internal/modules/cjs/loader:981:32)\n' +
    '    at Function.Module._load (node:internal/modules/cjs/loader:822:12)\n' +
    '    at Function.executeUserEntryPoint [as runMain] (node:internal/modules/run_main:77:12)\n' +
    '    at node:internal/main/run_main_module:17:47',
  timestamp: '2022-05-05T12:50:37.694Z'
}
{
  level: '\x1B[31merror\x1B[39m',
  message: 'error while scrapping URL',
  timestamp: '2022-05-05T13:21:07.350Z'
}
{
  level: '\x1B[31merror\x1B[39m',
  message: "Cannot read properties of undefined (reading 'push') Cannot read properties of undefined (reading 'push')",
  stack: "TypeError: Cannot read properties of undefined (reading 'push')\n" +
    '    at /Users/pankaj/programming/assignments/media_scrapper/routes/index.js:26:21\n' +
    '    at Array.forEach (<anonymous>)\n' +
    '    at /Users/pankaj/programming/assignments/media_scrapper/routes/index.js:23:15\n' +
    '    at processTicksAndRejections (node:internal/process/task_queues:96:5)',
  timestamp: '2022-05-05T13:21:44.493Z'
}
{
  level: '\x1B[31merror\x1B[39m',
  message: 'error while scrapping URL',
  timestamp: '2022-05-05T13:31:29.459Z'
}
{
  code: 'ER_WRONG_VALUE_COUNT_ON_ROW',
  errno: 1136,
  sqlState: '21S01',
  sqlMessage: "Column count doesn't match value count at row 1",
  sql: 'INSERT INTO media_info (image_url) VALUES ()',
  level: '\x1B[31merror\x1B[39m',
  message: "Column count doesn't match value count at row 1 Column count doesn't match value count at row 1",
  stack: "Error: Column count doesn't match value count at row 1\n" +
    '    at Packet.asError (/Users/pankaj/programming/assignments/media_scrapper/node_modules/mysql2/lib/packets/packet.js:728:17)\n' +
    '    at Query.execute (/Users/pankaj/programming/assignments/media_scrapper/node_modules/mysql2/lib/commands/command.js:29:26)\n' +
    '    at Connection.handlePacket (/Users/pankaj/programming/assignments/media_scrapper/node_modules/mysql2/lib/connection.js:456:32)\n' +
    '    at PacketParser.onPacket (/Users/pankaj/programming/assignments/media_scrapper/node_modules/mysql2/lib/connection.js:85:12)\n' +
    '    at PacketParser.executeStart (/Users/pankaj/programming/assignments/media_scrapper/node_modules/mysql2/lib/packet_parser.js:75:16)\n' +
    '    at Socket.<anonymous> (/Users/pankaj/programming/assignments/media_scrapper/node_modules/mysql2/lib/connection.js:92:25)\n' +
    '    at Socket.emit (node:events:520:28)\n' +
    '    at addChunk (node:internal/streams/readable:315:12)\n' +
    '    at readableAddChunk (node:internal/streams/readable:289:9)\n' +
    '    at Socket.Readable.push (node:internal/streams/readable:228:10)',
  timestamp: '2022-05-05T13:31:29.482Z'
}
{
  code: 'ER_WRONG_VALUE_COUNT_ON_ROW',
  errno: 1136,
  sqlState: '21S01',
  sqlMessage: "Column count doesn't match value count at row 1",
  sql: "INSERT INTO media_info (image_url) VALUES (('https://media.istockphoto.com/photos/mountain-landscape-picture-id517188688?k=20&m=517188688&s=612x612&w=0&h=i38qBm2P-6V4vZVEaMy_TaTEaoCMkYhvLCysE7yJQ5Q='), ('https://media.istockphoto.com/photos/in-the-hands-of-trees-growing-seedlings-bokeh-green-background-female-picture-id1181366400?k=20&m=1181366400&s=612x612&w=0&h=p-iaAHKhxsF6Wqrs7QjbwjOYAFBrJYhxlLLXEX1wsGs='), ('https://media.istockphoto.com/photos/picturesque-morning-in-plitvice-national-park-colorful-spring-scene-picture-id1093110112?k=20&m=1093110112&s=612x612&w=0&h=3OhKOpvzOSJgwThQmGhshfOnZTvMExZX2R91jNNStBY='), ('https://media.istockphoto.com/photos/connection-with-nature-picture-id1174472274?k=20&m=1174472274&s=612x612&w=0&h=R--4dZiA01eIo8WACc-9PHVqsbUfNSaUBq5B8R5LuOk='), ('https://media.istockphoto.com/photos/beautiful-emeraldcolored-glacial-rivers-of-iceland-taken-from-a-picture-id1202227531?k=20&m=1202227531&s=612x612&w=0&h=FT4gvrElP5uwyQGWo0a2c7Pk1L_16lfj5rIrFJtQ150='), ('https://media.istockphoto.com/photos/sunset-with-pebbles-on-beach-in-nice-france-picture-id1157205177?k=20&m=1157205177&s=612x612&w=0&h=bmCFFtaLRtF_eYhjZ3FkhPXU3X-yrdvr85xvl2CmQ9g='), ('https://media.istockphoto.com/photos/child-hugging-tree-with-heart-shape-on-it-picture-id1226721220?k=20&m=1226721220&s=612x612&w=0&h=W0a6_jhp4UFhiXfS-ZLONh2SKvyYEltuV-itfatMhjI='), ('https://media.istockphoto.com/photos/abstract-blurred-leaves-of-tree-in-nature-forest-with-sunny-and-bokeh-picture-id1188216286?k=20&m=1188216286&s=612x612&w=0&h=P8yrDhGYb1QDqw_jDOny10cyyjLbETphiDFxxIE8d2o='), ('https://media.istockphoto.com/photos/closeup-nature-view-of-green-leaf-background-picture-id1208290498?k=20&m=1208290498&s=612x612&w=0&h=iOgX0Ycplsasv_aHAY4wWVfncP5AZK0Zs-Lr5mQxdTQ='), ('https://media.istockphoto.com/photos/leaf-background-picture-id844226534?k=20&m=844226534&s=612x612&w=0&h=0s5eix34N-rY2K7kHmdCG5ANURpfjWWFeJ0ITW6jIdI='), ('https://media.istockphoto.com/photos/tropical-leaves-abstract-green-leaves-texture-nature-background-picture-id1254474165?k=20&m=1254474165&s=612x612&w=0&h=Aw309RJcelh7jQEM6whLornlQ2EzCbJsUeIYZnzw6ks='), ('https://media.istockphoto.com/photos/dandelion-seed-picture-id157681198?k=20&m=157681198&s=612x612&w=0&h=9kNoacRczXI9F7uvOnPaTNXXvT0bGCqjLteBnnjvEb8='), ('https://media.istockphoto.com/photos/path-through-sunlit-forest-picture-id1205214235?k=20&m=1205214235&s=612x612&w=0&h=TUNxmXOyHZ67rtPr8u9kmpn5lQAp9E-oMA2LfEshiu0='), ('https://media.istockphoto.com/photos/magical-fairytale-forest-picture-id1082411378?k=20&m=1082411378&s=612x612&w=0&h=GalnNnhN5wVYqKXee-qy8AYrdOUDxEnkJlqC8T0q9dY='), ('https://media.istockphoto.com/photos/areuse-river-in-the-neuchtel-jura-switzerland-panorama-picture-id1130739032?k=20&m=1130739032&s=612x612&w=0&h=dnYbdFBxb4WBuHwH5_nGwdc57QMo-LTwg5vJYUYTnik='), ('https://media.istockphoto.com/photos/beautiful-landscape-with-high-mountains-with-illuminated-peaks-stones-picture-id920377882?k=20&m=920377882&s=612x612&w=0&h=ygY1VOmupXqbqEX4Dg4LfJV4hNGvFD0bTRn7dcetnmQ='), ('https://media.istockphoto.com/photos/aerial-view-of-misty-mountains-at-sunrise-picture-id1195458582?k=20&m=1195458582&s=612x612&w=0&h=gzpAJTwppTIEAhNbUaHnjuRQoYon0F4C87UQ3xXv1oU='), ('https://media.istockphoto.com/photos/beautiful-young-woman-blows-dandelion-in-a-wheat-field-in-the-summer-picture-id1203963917?k=20&m=1203963917&s=612x612&w=0&h=hyEr10yKIL5KcoRhK0IVr3t-hqpmmNSwflvm-SIJE8A='), ('https://media.istockphoto.com/photos/green-leaf-with-dew-on-dark-nature-background-picture-id1050634172?k=20&m=1050634172&s=612x612&w=0&h=w0nk0tsmBysY4S119AhMJuUlof3Wf5FkJ3t2MD50oUE='), ('https://media.istockphoto.com/photos/young-woman-practicing-breathing-yoga-pranayama-outdoors-in-moss-on-picture-id1171968887?k=20&m=1171968887&s=612x612&w=0&h=BdfHsTAipjx9Z1WEwPDQa2UBAq3C9MG98vF8NwNsYFs='), ('https://media.istockphoto.com/photos/woman-standing-and-looking-at-lago-di-carezza-in-dolomites-picture-id1038870630?k=20&m=1038870630&s=612x612&w=0&h=08QhQgRJ6A5rDmRm4nFziOiumOzWwJ8UQR15CyxxKfo='), ('https://media.istockphoto.com/photos/touch-of-fresh-moss-in-the-forest-picture-id1283852667?k=20&m=1283852667&s=612x612&w=0&h=wyNSSk3yPxdwSnRv-Orr4ar5xS9FrhXIVsgw37TIbj4='), ('https://media.istockphoto.com/photos/abstract-blurred-greenery-leaves-of-tree-forest-at-nation-public-park-picture-id1095016798?k=20&m=1095016798&s=612x612&w=0&h=hOxAeFud-UKdD_0LLAuCqX5CzmzT6y2tFQhtivi7COg='), ('https://media.istockphoto.com/photos/happy-family-mother-father-children-son-and-daughter-runing-and-on-picture-id1206622213?k=20&m=1206622213&s=612x612&w=0&h=1N-4TkqogW5pGuJKqduyIcigxJ4tp2osGiKatfnbOLc='), ('https://media.istockphoto.com/photos/butterflies-picture-id1201252148?k=20&m=1201252148&s=612x612&w=0&h=DqmSxEbFmB-ECunrW3eheED18pGoYOU6H4u-NQ_WT5E='), ('https://media.istockphoto.com/photos/winding-road-picture-id1173544006?k=20&m=1173544006&s=612x612&w=0&h=pqKyN7BFP0Bwum-xuYWMo1EoVLIlX2An9y_ai_F3KBg='), ('https://media.istockphoto.com/photos/waves-of-water-of-the-river-and-the-sea-meet-each-other-during-high-picture-id1166684037?k=20&m=1166684037&s=612x612&w=0&h=sMJAvRslpHW5qoN4fw5aM7S24y0KpqpC-1IZDay47ds='), ('https://media.istockphoto.com/photos/dandelion-picture-id1180494132?k=20&m=1180494132&s=612x612&w=0&h=txYUuXoaFuPJbm5e263L6dczqwFDTrzpPlE273h_seM='), ('https://media.istockphoto.com/photos/sunrise-on-a-lake-picture-id1043560968?k=20&m=1043560968&s=612x612&w=0&h=FYgd_p1ADZ3d0DySs-ciHLDxp9FuvJv0O_hIco2IJnM='), ('https://media.istockphoto.com/photos/free-woman-breathing-clean-air-in-nature-forest-happy-girl-from-the-picture-id1269532812?k=20&m=1269532812&s=612x612&w=0&h=E7Z9E7e7PZSTcyGKWe9rYb-x9uoboiWVPUPoDE4pzVA='), ('https://media.istockphoto.com/photos/mountain-landscape-ponta-delgada-island-azores-picture-id944812540?k=20&m=944812540&s=612x612&w=0&h=U3sC5L6ZJY2oHC33eixu4CcB15JsgKl0Wnhtcpf_p40='), ('https://media.istockphoto.com/photos/green-leaves-on-white-picture-id1225155638?k=20&m=1225155638&s=612x612&w=0&h=h6xGkkL3prOchZ364I96CiDv-uU3Rl2WLTFOwxjT4QM='), ('https://media.istockphoto.com/photos/spring-beautiful-background-with-green-juicy-young-foliage-and-empty-picture-id1301592032?k=20&m=1301592032&s=612x612&w=0&h=mlkwY8srQi25nY0_IaETu_gsIyPGLYwJEZpanJLnlvg='), ('https://media.istockphoto.com/photos/green-forest-picture-id1173733640?k=20&m=1173733640&s=612x612&w=0&h=PYc7histBthtyK2jwaWw2Lrey5yVD5waqrlUW0hk1qA='), ('https://media.istockphoto.com/photos/old-wood-background-picture-id465559373?k=20&m=465559373&s=612x612&w=0&h=kj--Tnz_BaSDv6PoZWvT7D6QgF2Ca5qiygsuMOZndDU='), ('https://media.istockphoto.com/photos/happy-family-mother-father-children-son-and-daughter-on-sunset-picture-id1159094800?k=20&m=1159094800&s=612x612&w=0&h=XfgkXVDDUCPq5BeCb9IWUI0XHUWoi2362xlJ7bqA3M8='), ('https://media.istockphoto.com/photos/bamboo-forest-in-japan-picture-id1129053212?k=20&m=1129053212&s=612x612&w=0&h=rATLyt0W14kn2X48fw_oDWItl_O3alo1WtCeo6pdRaQ='), ('https://media.istockphoto.com/photos/woman-in-rustic-dress-gathering-poppy-and-wildflowers-in-sunset-light-picture-id1209220375?k=20&m=1209220375&s=612x612&w=0&h=OE2G6iDm3dh3C-KOS3y2bRIgZ93qpaKBU9OlwIuaFY8='), ('https://media.istockphoto.com/photos/mata-atlantica-atlantic-forest-in-brazil-picture-id935746242?k=20&m=935746242&s=612x612&w=0&h=zbNVR6FHKshHI6Z60FomL8iMgVl8oEYFbBXQFWRc4z4='), ('https://media.istockphoto.com/photos/hands-holding-globe-glass-in-green-forest-environment-concept-element-picture-id1129110491?k=20&m=1129110491&s=612x612&w=0&h=iNSCExcGgVZObGAVnA9q0jZr0PUnd2gvwwLwbx6ClD4='), ('https://media.istockphoto.com/photos/beautiful-nature-background-from-green-leaves-with-detailed-texture-picture-id1160620218?k=20&m=1160620218&s=612x612&w=0&h=2n6JHkfmbZYWqkNhWRcK3h0p_t-uhRgGx_EETsEvYbU='), ('https://media.istockphoto.com/photos/green-leaves-for-background-and-wallpaper-picture-id1214956707?k=20&m=1214956707&s=612x612&w=0&h=S9Y0lwOzLs26mFKvUkCpFVGa0xxWLj6KFA6dK3IKYiI='), ('https://media.istockphoto.com/photos/young-woman-in-spiritual-pose-holding-the-light-picture-id1267497795?k=20&m=1267497795&s=612x612&w=0&h=lYZv6svmoUf4WNFYM5X3egYXSkpelyE218xhepqKoOA='), ('https://media.istockphoto.com/photos/kids-in-forest-with-a-magnifying-glass-picture-id1161635092?k=20&m=1161635092&s=612x612&w=0&h=ZTTLWW4G-yk2G1daXDn9_2BZpaTXGjT7zNbTic_MMbc='), ('https://media.istockphoto.com/photos/pinewood-forest-in-sunrise-sognsvann-oslo-picture-id1219243031?k=20&m=1219243031&s=612x612&w=0&h=KB3TAZwko8kF1n69zDMdLzhllCs9tkAdV8ENCsUJt5U='), ('https://media.istockphoto.com/photos/family-harvesting-vegetables-from-garden-at-small-home-farm-picture-id1174001922?k=20&m=1174001922&s=612x612&w=0&h=Nri0hW2xrFEwlev2wgamNkKe7wKBhVs5FL5so4OLWXk='), ('https://media.istockphoto.com/photos/abstract-blurred-leaves-of-tree-in-nature-forest-with-sunny-and-bokeh-picture-id1168950519?k=20&m=1168950519&s=612x612&w=0&h=anFi2Xm9GCKRiztZf8bnJAq3eL1tGQPdOKM6cUZF7fI='), ('https://media.istockphoto.com/photos/beautiful-nature-at-morning-in-misty-spring-forest-with-sun-picture-id506856658?k=20&m=506856658&s=612x612&w=0&h=TlrvbY51SuOvk3n7bywheFUxFT7FlGZ6QZr2Frasae0='), ('https://media.istockphoto.com/vectors/ecology-and-environment-line-icons-editable-stroke-pixel-perfect-for-vector-id1221978792?k=20&m=1221978792&s=612x612&w=0&h=ps7YKp_zxFSOpGZbxHgZk-edI1VuycclY1LVrqssMBU='), ('https://media.istockphoto.com/photos/beautiful-asian-woman-standing-on-grass-field-with-landscape-of-in-picture-id1253129649?k=20&m=1253129649&s=612x612&w=0&h=czFaA-zd4zRi3cOmvvpvx1iJin4c0PQJA0lMBm7LyDo='), ('https://media.istockphoto.com/photos/beauty-natural-woman-covering-her-face-with-tropical-leaf-picture-id1289221022?k=20&m=1289221022&s=612x612&w=0&h=TiLNU6j07lf9wqGBIU7Tt0dBFSkcfJGAzpV8OxlSBQc='), ('https://media.istockphoto.com/photos/portrait-of-young-smiling-woman-face-partially-covered-with-flying-picture-id1297159365?k=20&m=1297159365&s=612x612&w=0&h=RHC5Qy40yAgwmpZVj0vXKUzcUm6qrY2MSSWzj2nLQlg='), ('https://media.istockphoto.com/photos/mesa-arch-sunrise-picture-id1176527951?k=20&m=1176527951&s=61"... 1408 more characters,
  level: '\x1B[31merror\x1B[39m',
  message: "Column count doesn't match value count at row 1 Column count doesn't match value count at row 1",
  stack: "Error: Column count doesn't match value count at row 1\n" +
    '    at Packet.asError (/Users/pankaj/programming/assignments/media_scrapper/node_modules/mysql2/lib/packets/packet.js:728:17)\n' +
    '    at Query.execute (/Users/pankaj/programming/assignments/media_scrapper/node_modules/mysql2/lib/commands/command.js:29:26)\n' +
    '    at Connection.handlePacket (/Users/pankaj/programming/assignments/media_scrapper/node_modules/mysql2/lib/connection.js:456:32)\n' +
    '    at PacketParser.onPacket (/Users/pankaj/programming/assignments/media_scrapper/node_modules/mysql2/lib/connection.js:85:12)\n' +
    '    at PacketParser.executeStart (/Users/pankaj/programming/assignments/media_scrapper/node_modules/mysql2/lib/packet_parser.js:75:16)\n' +
    '    at Socket.<anonymous> (/Users/pankaj/programming/assignments/media_scrapper/node_modules/mysql2/lib/connection.js:92:25)\n' +
    '    at Socket.emit (node:events:520:28)\n' +
    '    at addChunk (node:internal/streams/readable:315:12)\n' +
    '    at readableAddChunk (node:internal/streams/readable:289:9)\n' +
    '    at Socket.Readable.push (node:internal/streams/readable:228:10)',
  timestamp: '2022-05-05T13:38:32.036Z'
}
{
  level: '\x1B[31merror\x1B[39m',
  message: 'error while storing data in db db is not defined',
  stack: 'ReferenceError: db is not defined\n' +
    '    at /Users/pankaj/programming/assignments/media_scrapper/services/sqlService.js:6:5\n' +
    '    at new Promise (<anonymous>)\n' +
    '    at storeMediaInDB (/Users/pankaj/programming/assignments/media_scrapper/services/sqlService.js:2:10)\n' +
    '    at /Users/pankaj/programming/assignments/media_scrapper/routes/index.js:35:32\n' +
    '    at processTicksAndRejections (node:internal/process/task_queues:96:5)',
  timestamp: '2022-05-05T13:59:42.952Z'
}
{
  level: '\x1B[31merror\x1B[39m',
  message: 'db is not defined db is not defined',
  stack: 'ReferenceError: db is not defined\n' +
    '    at /Users/pankaj/programming/assignments/media_scrapper/services/user.js:9:5\n' +
    '    at new Promise (<anonymous>)\n' +
    '    at Object.authenticate (/Users/pankaj/programming/assignments/media_scrapper/services/user.js:5:10)\n' +
    '    at basicAuth (/Users/pankaj/programming/assignments/media_scrapper/middleware/auth.js:14:34)\n' +
    '    at Layer.handle [as handle_request] (/Users/pankaj/programming/assignments/media_scrapper/node_modules/express/lib/router/layer.js:95:5)\n' +
    '    at next (/Users/pankaj/programming/assignments/media_scrapper/node_modules/express/lib/router/route.js:137:13)\n' +
    '    at Route.dispatch (/Users/pankaj/programming/assignments/media_scrapper/node_modules/express/lib/router/route.js:112:3)\n' +
    '    at Layer.handle [as handle_request] (/Users/pankaj/programming/assignments/media_scrapper/node_modules/express/lib/router/layer.js:95:5)\n' +
    '    at /Users/pankaj/programming/assignments/media_scrapper/node_modules/express/lib/router/index.js:281:22\n' +
    '    at Function.process_params (/Users/pankaj/programming/assignments/media_scrapper/node_modules/express/lib/router/index.js:341:12)',
  timestamp: '2022-05-06T06:01:06.258Z'
}
{
  level: '\x1B[31merror\x1B[39m',
  message: 'error is not defined error is not defined',
  stack: 'ReferenceError: error is not defined\n' +
    '    at Object.<anonymous> (/Users/pankaj/programming/assignments/media_scrapper/index.js:26:9)\n' +
    '    at Module._compile (node:internal/modules/cjs/loader:1103:14)\n' +
    '    at Object.Module._extensions..js (node:internal/modules/cjs/loader:1155:10)\n' +
    '    at Module.load (node:internal/modules/cjs/loader:981:32)\n' +
    '    at Function.Module._load (node:internal/modules/cjs/loader:822:12)\n' +
    '    at Function.executeUserEntryPoint [as runMain] (node:internal/modules/run_main:77:12)\n' +
    '    at node:internal/main/run_main_module:17:47',
  timestamp: '2022-05-06T06:14:05.195Z'
}
{
  level: '\x1B[31merror\x1B[39m',
  message: 'user is not defined user is not defined',
  stack: 'ReferenceError: user is not defined\n' +
    '    at basicAuth (/Users/pankaj/programming/assignments/media_scrapper/middleware/auth.js:28:14)\n' +
    '    at processTicksAndRejections (node:internal/process/task_queues:96:5)',
  timestamp: '2022-05-06T06:18:53.548Z'
}
{
  level: '\x1B[31merror\x1B[39m',
  message: 'user is not defined user is not defined',
  stack: 'ReferenceError: user is not defined\n' +
    '    at basicAuth (/Users/pankaj/programming/assignments/media_scrapper/middleware/auth.js:28:14)\n' +
    '    at processTicksAndRejections (node:internal/process/task_queues:96:5)',
  timestamp: '2022-05-06T06:19:30.180Z'
}
{
  level: '\x1B[31merror\x1B[39m',
  message: 'Something went wrong ',
  timestamp: '2022-05-06T06:23:22.169Z'
}
{
  code: 'EADDRINUSE',
  errno: -48,
  syscall: 'listen',
  address: '::',
  port: 3000,
  level: '\x1B[31merror\x1B[39m',
  message: 'listen EADDRINUSE: address already in use :::3000 listen EADDRINUSE: address already in use :::3000',
  stack: 'Error: listen EADDRINUSE: address already in use :::3000\n' +
    '    at Server.setupListenHandle [as _listen2] (node:net:1330:16)\n' +
    '    at listenInCluster (node:net:1378:12)\n' +
    '    at Server.listen (node:net:1465:7)\n' +
    '    at Function.listen (/Users/pankaj/programming/assignments/media_scraper/node_modules/express/lib/application.js:618:24)\n' +
    '    at Object.<anonymous> (/Users/pankaj/programming/assignments/media_scraper/index.js:12:5)\n' +
    '    at Module._compile (node:internal/modules/cjs/loader:1103:14)\n' +
    '    at Object.Module._extensions..js (node:internal/modules/cjs/loader:1155:10)\n' +
    '    at Module.load (node:internal/modules/cjs/loader:981:32)\n' +
    '    at Function.Module._load (node:internal/modules/cjs/loader:822:12)\n' +
    '    at Function.executeUserEntryPoint [as runMain] (node:internal/modules/run_main:77:12)',
  timestamp: '2022-05-06T15:24:43.294Z'
}
